c:\users\zeak\desktop\game development\2dopenglgame\2dopenglgame\debug\vc142.pdb
c:\users\zeak\desktop\game development\2dopenglgame\2dopenglgame\debug\vc142.idb
c:\users\zeak\desktop\game development\2dopenglgame\2dopenglgame\debug\application.obj
c:\users\zeak\desktop\game development\2dopenglgame\debug\2dopenglgame.pdb
c:\users\zeak\desktop\game development\2dopenglgame\2dopenglgame\debug\2dopenglgame.tlog\cl.command.1.tlog
c:\users\zeak\desktop\game development\2dopenglgame\2dopenglgame\debug\2dopenglgame.tlog\cl.read.1.tlog
c:\users\zeak\desktop\game development\2dopenglgame\2dopenglgame\debug\2dopenglgame.tlog\cl.write.1.tlog
c:\users\zeak\desktop\game development\2dopenglgame\2dopenglgame\debug\2dopenglgame.tlog\link-cvtres.read.1.tlog
c:\users\zeak\desktop\game development\2dopenglgame\2dopenglgame\debug\2dopenglgame.tlog\link-cvtres.write.1.tlog
c:\users\zeak\desktop\game development\2dopenglgame\2dopenglgame\debug\2dopenglgame.tlog\link-rc.read.1.tlog
c:\users\zeak\desktop\game development\2dopenglgame\2dopenglgame\debug\2dopenglgame.tlog\link-rc.write.1.tlog
c:\users\zeak\desktop\game development\2dopenglgame\2dopenglgame\debug\2dopenglgame.tlog\link.7812-cvtres.read.1.tlog
c:\users\zeak\desktop\game development\2dopenglgame\2dopenglgame\debug\2dopenglgame.tlog\link.7812-cvtres.write.1.tlog
c:\users\zeak\desktop\game development\2dopenglgame\2dopenglgame\debug\2dopenglgame.tlog\link.7812-rc.read.1.tlog
c:\users\zeak\desktop\game development\2dopenglgame\2dopenglgame\debug\2dopenglgame.tlog\link.7812-rc.write.1.tlog
c:\users\zeak\desktop\game development\2dopenglgame\2dopenglgame\debug\2dopenglgame.tlog\link.7812.read.1.tlog
c:\users\zeak\desktop\game development\2dopenglgame\2dopenglgame\debug\2dopenglgame.tlog\link.7812.write.1.tlog
c:\users\zeak\desktop\game development\2dopenglgame\2dopenglgame\debug\2dopenglgame.tlog\link.command.1.tlog
c:\users\zeak\desktop\game development\2dopenglgame\2dopenglgame\debug\2dopenglgame.tlog\link.read.1.tlog
c:\users\zeak\desktop\game development\2dopenglgame\2dopenglgame\debug\2dopenglgame.tlog\link.write.1.tlog
